<?xml version="1.0" encoding="UTF-8"?>
<!-- Generated by org.testng.reporters.JUnitReportReporter -->
<testsuite name="com.sainsburys.tests.PriceTotalTest" tests="1" time="0.002" ignored="0" failures="0" timestamp="09 Nov 2017 15:04:11 GMT" skipped="0" hostname="Joshuas-MBP.home" errors="0">
  <testcase name="jsonResponseShouldContainCorrectTotal" time="0.002" classname="com.sainsburys.tests.PriceTotalTest"/>
</testsuite> <!-- com.sainsburys.tests.PriceTotalTest -->
