<?xml version="1.0" encoding="UTF-8"?>
<!-- Generated by org.testng.reporters.JUnitReportReporter -->
<testsuite name="com.sainsburys.tests.JsonRetrieverTest" tests="1" time="0.089" ignored="0" failures="0" timestamp="09 Nov 2017 15:04:11 GMT" skipped="0" hostname="Joshuas-MBP.home" errors="0">
  <testcase name="jsonResponseShouldContainAppleProductDetails" time="0.089" classname="com.sainsburys.tests.JsonRetrieverTest"/>
</testsuite> <!-- com.sainsburys.tests.JsonRetrieverTest -->
